[30-Nov-2017 00:00:29 UTC] PHP Fatal error:  Cannot redeclare class Web\Google\Recaptcha in /home/team8/controllers/recaptcha.php on line 26
[30-Nov-2017 00:00:29 UTC] Fatal error: Cannot redeclare class Web\Google\Recaptcha
[30-Nov-2017 00:00:29 UTC] [controllers/recaptcha.php:26] 
[30-Nov-2017 00:36:17 UTC] HTTP 404 (GET /favicon.ico)
[30-Nov-2017 00:36:17 UTC] [vendor/bcosca/fatfree/lib/base.php:1582] Base->error()
[30-Nov-2017 00:36:17 UTC] [index.php:37] Base->run()
[30-Nov-2017 02:33:11 UTC] HTTP 404 (GET /favicon.ico)
[30-Nov-2017 02:33:11 UTC] [vendor/bcosca/fatfree/lib/base.php:1582] Base->error()
[30-Nov-2017 02:33:11 UTC] [index.php:37] Base->run()
[30-Nov-2017 02:33:27 UTC] HTTP 403 (POST /user/login?from=%2F)
[30-Nov-2017 02:33:27 UTC] [vendor/bcosca/fatfree/lib/session.php:76] Base->error()
[30-Nov-2017 02:33:27 UTC] [vendor/bcosca/fatfree/lib/base.php:267] session_start()
[30-Nov-2017 02:33:27 UTC] [vendor/bcosca/fatfree/lib/base.php:388] Base->ref()
[30-Nov-2017 02:33:27 UTC] [helpers/authhelper.php:120] Base->set()
[30-Nov-2017 02:33:27 UTC] [helpers/authhelper.php:42] AuthHelper->forceLogin()
[30-Nov-2017 02:33:27 UTC] [controllers/user.php:71] AuthHelper->login()
[30-Nov-2017 02:33:27 UTC] [vendor/bcosca/fatfree/lib/base.php:1799] call_user_func_array()
[30-Nov-2017 02:33:27 UTC] [vendor/bcosca/fatfree/lib/base.php:1620] Base->call()
[30-Nov-2017 02:33:27 UTC] [index.php:37] Base->run()
[30-Nov-2017 12:38:36 UTC] HTTP 404 (GET /favicon.ico)
[30-Nov-2017 12:38:36 UTC] [vendor/bcosca/fatfree/lib/base.php:1582] Base->error()
[30-Nov-2017 12:38:36 UTC] [index.php:37] Base->run()
[30-Nov-2017 12:39:04 UTC] HTTP 403 (POST /user/login?from=%2F)
[30-Nov-2017 12:39:04 UTC] [vendor/bcosca/fatfree/lib/session.php:76] Base->error()
[30-Nov-2017 12:39:04 UTC] [vendor/bcosca/fatfree/lib/base.php:267] session_start()
[30-Nov-2017 12:39:04 UTC] [vendor/bcosca/fatfree/lib/base.php:388] Base->ref()
[30-Nov-2017 12:39:04 UTC] [helpers/authhelper.php:120] Base->set()
[30-Nov-2017 12:39:04 UTC] [helpers/authhelper.php:42] AuthHelper->forceLogin()
[30-Nov-2017 12:39:04 UTC] [controllers/user.php:71] AuthHelper->login()
[30-Nov-2017 12:39:04 UTC] [vendor/bcosca/fatfree/lib/base.php:1799] call_user_func_array()
[30-Nov-2017 12:39:04 UTC] [vendor/bcosca/fatfree/lib/base.php:1620] Base->call()
[30-Nov-2017 12:39:04 UTC] [index.php:37] Base->run()
[30-Nov-2017 12:47:07 UTC] PHP Parse error:  syntax error, unexpected ')' in /home/team8/controllers/user.php on line 65
[30-Nov-2017 12:47:07 UTC] Fatal error: syntax error, unexpected ')'
[30-Nov-2017 12:47:07 UTC] [controllers/user.php:65] 
[30-Nov-2017 12:57:55 UTC] HTTP 404 (GET /favicon.ico)
[30-Nov-2017 12:57:55 UTC] [vendor/bcosca/fatfree/lib/base.php:1582] Base->error()
[30-Nov-2017 12:57:55 UTC] [index.php:37] Base->run()
[30-Nov-2017 12:58:04 UTC] HTTP 404 (GET /changelog)
[30-Nov-2017 12:58:04 UTC] [vendor/bcosca/fatfree/lib/base.php:1582] Base->error()
[30-Nov-2017 12:58:04 UTC] [index.php:37] Base->run()
[30-Nov-2017 13:04:22 UTC] HTTP 404 (GET /login)
[30-Nov-2017 13:04:22 UTC] [vendor/bcosca/fatfree/lib/base.php:1582] Base->error()
[30-Nov-2017 13:04:22 UTC] [index.php:37] Base->run()
[30-Nov-2017 13:27:48 UTC] HTTP 403 (GET /selftest)
[30-Nov-2017 13:27:48 UTC] [vendor/bcosca/fatfree/lib/session.php:76] Base->error()
[30-Nov-2017 13:27:48 UTC] [vendor/bcosca/fatfree/lib/base.php:267] session_start()
[30-Nov-2017 13:27:48 UTC] [vendor/bcosca/fatfree/lib/base.php:388] Base->ref()
[30-Nov-2017 13:27:48 UTC] [helpers/authhelper.php:129] Base->set()
[30-Nov-2017 13:27:48 UTC] [helpers/authhelper.php:51] AuthHelper->forceLogin()
[30-Nov-2017 13:27:48 UTC] [controllers/user.php:64] AuthHelper->login()
[30-Nov-2017 13:27:48 UTC] [utility/mock.php:110] call_user_func()
[30-Nov-2017 13:27:48 UTC] [controllers/selftest.php:209] Mock->run()
[30-Nov-2017 13:27:48 UTC] [controllers/selftest.php:92] call_user_func()
[30-Nov-2017 13:27:48 UTC] [vendor/bcosca/fatfree/lib/base.php:1799] call_user_func_array()
[30-Nov-2017 13:27:48 UTC] [vendor/bcosca/fatfree/lib/base.php:1620] Base->call()
[30-Nov-2017 13:27:48 UTC] [index.php:37] Base->run()
[30-Nov-2017 13:30:03 UTC] HTTP 404 (GET /admin/favicon.ico)
[30-Nov-2017 13:30:03 UTC] [vendor/bcosca/fatfree/lib/base.php:1582] Base->error()
[30-Nov-2017 13:30:03 UTC] [index.php:37] Base->run()
[30-Nov-2017 14:03:48 UTC] HTTP 404 (GET /admin/marqueeavatarmarquee)
[30-Nov-2017 14:03:48 UTC] [vendor/bcosca/fatfree/lib/base.php:1582] Base->error()
[30-Nov-2017 14:03:48 UTC] [index.php:37] Base->run()
[30-Nov-2017 14:45:04 UTC] PDOStatement: Table 'team8.login_cookies' doesn't exist
[30-Nov-2017 14:45:04 UTC] [vendor/bcosca/fatfree/lib/base.php:2186] Base->error()
[30-Nov-2017 14:45:04 UTC] [vendor/bcosca/fatfree/lib/db/sql.php:236] user_error()
[30-Nov-2017 14:45:04 UTC] [vendor/bcosca/fatfree/lib/db/sql.php:391] DB\SQL->exec()
[30-Nov-2017 14:45:04 UTC] [vendor/bcosca/fatfree/lib/db/sql/mapper.php:660] DB\SQL->schema()
[30-Nov-2017 14:45:04 UTC] [models/genericmodel.php:10] DB\SQL\Mapper->__construct()
[30-Nov-2017 14:45:04 UTC] [models/model.php:17] GenericModel->__construct()
[30-Nov-2017 14:45:04 UTC] [helpers/authhelper.php:81] Model->__get()
[30-Nov-2017 14:45:04 UTC] [helpers/authhelper.php:50] AuthHelper->setupSession()
[30-Nov-2017 14:45:04 UTC] [controllers/user.php:64] AuthHelper->login()
[30-Nov-2017 14:45:04 UTC] [vendor/bcosca/fatfree/lib/base.php:1799] call_user_func_array()
[30-Nov-2017 14:45:04 UTC] [vendor/bcosca/fatfree/lib/base.php:1620] Base->call()
[30-Nov-2017 14:45:04 UTC] [index.php:37] Base->run()
[30-Nov-2017 14:45:39 UTC] PDOStatement: Table 'team8.login_cookies' doesn't exist
[30-Nov-2017 14:45:39 UTC] [vendor/bcosca/fatfree/lib/base.php:2186] Base->error()
[30-Nov-2017 14:45:39 UTC] [vendor/bcosca/fatfree/lib/db/sql.php:236] user_error()
[30-Nov-2017 14:45:39 UTC] [vendor/bcosca/fatfree/lib/db/sql.php:391] DB\SQL->exec()
[30-Nov-2017 14:45:39 UTC] [vendor/bcosca/fatfree/lib/db/sql/mapper.php:660] DB\SQL->schema()
[30-Nov-2017 14:45:39 UTC] [models/genericmodel.php:10] DB\SQL\Mapper->__construct()
[30-Nov-2017 14:45:39 UTC] [models/model.php:17] GenericModel->__construct()
[30-Nov-2017 14:45:39 UTC] [helpers/authhelper.php:81] Model->__get()
[30-Nov-2017 14:45:39 UTC] [helpers/authhelper.php:50] AuthHelper->setupSession()
[30-Nov-2017 14:45:39 UTC] [controllers/user.php:64] AuthHelper->login()
[30-Nov-2017 14:45:39 UTC] [vendor/bcosca/fatfree/lib/base.php:1799] call_user_func_array()
[30-Nov-2017 14:45:39 UTC] [vendor/bcosca/fatfree/lib/base.php:1620] Base->call()
[30-Nov-2017 14:45:39 UTC] [index.php:37] Base->run()
[30-Nov-2017 14:46:46 UTC] PDOStatement: Table 'team8.login_cookies' doesn't exist
[30-Nov-2017 14:46:46 UTC] [vendor/bcosca/fatfree/lib/base.php:2186] Base->error()
[30-Nov-2017 14:46:46 UTC] [vendor/bcosca/fatfree/lib/db/sql.php:236] user_error()
[30-Nov-2017 14:46:46 UTC] [vendor/bcosca/fatfree/lib/db/sql.php:391] DB\SQL->exec()
[30-Nov-2017 14:46:46 UTC] [vendor/bcosca/fatfree/lib/db/sql/mapper.php:660] DB\SQL->schema()
[30-Nov-2017 14:46:46 UTC] [models/genericmodel.php:10] DB\SQL\Mapper->__construct()
[30-Nov-2017 14:46:46 UTC] [models/model.php:17] GenericModel->__construct()
[30-Nov-2017 14:46:46 UTC] [helpers/authhelper.php:72] Model->__get()
[30-Nov-2017 14:46:46 UTC] [helpers/authhelper.php:50] AuthHelper->setupSession()
[30-Nov-2017 14:46:46 UTC] [controllers/user.php:64] AuthHelper->login()
[30-Nov-2017 14:46:46 UTC] [vendor/bcosca/fatfree/lib/base.php:1799] call_user_func_array()
[30-Nov-2017 14:46:46 UTC] [vendor/bcosca/fatfree/lib/base.php:1620] Base->call()
[30-Nov-2017 14:46:46 UTC] [index.php:37] Base->run()
[30-Nov-2017 14:52:03 UTC] PDOStatement: Unknown column 'user_id' in 'where clause'
[30-Nov-2017 14:52:03 UTC] [vendor/bcosca/fatfree/lib/base.php:2186] Base->error()
[30-Nov-2017 14:52:03 UTC] [vendor/bcosca/fatfree/lib/db/sql.php:236] user_error()
[30-Nov-2017 14:52:03 UTC] [vendor/bcosca/fatfree/lib/db/sql/mapper.php:293] DB\SQL->exec()
[30-Nov-2017 14:52:03 UTC] [vendor/bcosca/fatfree/lib/db/sql/mapper.php:333] DB\SQL\Mapper->select()
[30-Nov-2017 14:52:03 UTC] [vendor/bcosca/fatfree/lib/db/cursor.php:178] DB\SQL\Mapper->find()
[30-Nov-2017 14:52:03 UTC] [models/genericmodel.php:61] DB\Cursor->load()
[30-Nov-2017 14:52:03 UTC] [helpers/authhelper.php:73] GenericModel->fetch()
[30-Nov-2017 14:52:03 UTC] [helpers/authhelper.php:50] AuthHelper->setupSession()
[30-Nov-2017 14:52:03 UTC] [controllers/user.php:64] AuthHelper->login()
[30-Nov-2017 14:52:03 UTC] [vendor/bcosca/fatfree/lib/base.php:1799] call_user_func_array()
[30-Nov-2017 14:52:03 UTC] [vendor/bcosca/fatfree/lib/base.php:1620] Base->call()
[30-Nov-2017 14:52:03 UTC] [index.php:37] Base->run()
[30-Nov-2017 14:58:06 UTC] PHP Parse error:  syntax error, unexpected 'public' (T_PUBLIC) in /home/team8/helpers/authhelper.php on line 31
[30-Nov-2017 14:58:06 UTC] Fatal error: syntax error, unexpected 'public' (T_PUBLIC)
[30-Nov-2017 14:58:06 UTC] [helpers/authhelper.php:31] 
[30-Nov-2017 14:58:06 UTC] PHP Fatal error:  Class 'AuthHelper' not found in /home/team8/controllers/controller.php on line 19
[30-Nov-2017 15:00:21 UTC] PHP Parse error:  syntax error, unexpected 'public' (T_PUBLIC) in /home/team8/helpers/authhelper.php on line 31
[30-Nov-2017 15:00:21 UTC] Fatal error: syntax error, unexpected 'public' (T_PUBLIC)
[30-Nov-2017 15:00:21 UTC] [helpers/authhelper.php:31] 
[30-Nov-2017 15:00:21 UTC] PHP Fatal error:  Class 'AuthHelper' not found in /home/team8/controllers/controller.php on line 19
[30-Nov-2017 15:11:54 UTC] PDOStatement: Table 'team8.login_cookies' doesn't exist
[30-Nov-2017 15:11:54 UTC] [vendor/bcosca/fatfree/lib/base.php:2186] Base->error()
[30-Nov-2017 15:11:54 UTC] [vendor/bcosca/fatfree/lib/db/sql.php:236] user_error()
[30-Nov-2017 15:11:54 UTC] [vendor/bcosca/fatfree/lib/db/sql.php:391] DB\SQL->exec()
[30-Nov-2017 15:11:54 UTC] [vendor/bcosca/fatfree/lib/db/sql/mapper.php:660] DB\SQL->schema()
[30-Nov-2017 15:11:54 UTC] [models/genericmodel.php:10] DB\SQL\Mapper->__construct()
[30-Nov-2017 15:11:54 UTC] [models/model.php:17] GenericModel->__construct()
[30-Nov-2017 15:11:54 UTC] [helpers/authhelper.php:75] Model->__get()
[30-Nov-2017 15:11:54 UTC] [helpers/authhelper.php:52] AuthHelper->setupSession()
[30-Nov-2017 15:11:54 UTC] [controllers/user.php:64] AuthHelper->login()
[30-Nov-2017 15:11:54 UTC] [vendor/bcosca/fatfree/lib/base.php:1799] call_user_func_array()
[30-Nov-2017 15:11:54 UTC] [vendor/bcosca/fatfree/lib/base.php:1620] Base->call()
[30-Nov-2017 15:11:54 UTC] [index.php:37] Base->run()
[30-Nov-2017 15:12:45 UTC] PDOStatement: Table 'team8.cookie_token' doesn't exist
[30-Nov-2017 15:12:45 UTC] [vendor/bcosca/fatfree/lib/base.php:2186] Base->error()
[30-Nov-2017 15:12:45 UTC] [vendor/bcosca/fatfree/lib/db/sql.php:236] user_error()
[30-Nov-2017 15:12:45 UTC] [vendor/bcosca/fatfree/lib/db/sql.php:391] DB\SQL->exec()
[30-Nov-2017 15:12:45 UTC] [vendor/bcosca/fatfree/lib/db/sql/mapper.php:660] DB\SQL->schema()
[30-Nov-2017 15:12:45 UTC] [models/genericmodel.php:10] DB\SQL\Mapper->__construct()
[30-Nov-2017 15:12:45 UTC] [models/model.php:17] GenericModel->__construct()
[30-Nov-2017 15:12:45 UTC] [helpers/authhelper.php:75] Model->__get()
[30-Nov-2017 15:12:45 UTC] [helpers/authhelper.php:52] AuthHelper->setupSession()
[30-Nov-2017 15:12:45 UTC] [controllers/user.php:64] AuthHelper->login()
[30-Nov-2017 15:12:45 UTC] [vendor/bcosca/fatfree/lib/base.php:1799] call_user_func_array()
[30-Nov-2017 15:12:45 UTC] [vendor/bcosca/fatfree/lib/base.php:1620] Base->call()
[30-Nov-2017 15:12:45 UTC] [index.php:37] Base->run()
[30-Nov-2017 15:14:08 UTC] PDOStatement: Table 'team8.cookie_token' doesn't exist
[30-Nov-2017 15:14:08 UTC] [vendor/bcosca/fatfree/lib/base.php:2186] Base->error()
[30-Nov-2017 15:14:08 UTC] [vendor/bcosca/fatfree/lib/db/sql.php:236] user_error()
[30-Nov-2017 15:14:08 UTC] [vendor/bcosca/fatfree/lib/db/sql.php:391] DB\SQL->exec()
[30-Nov-2017 15:14:08 UTC] [vendor/bcosca/fatfree/lib/db/sql/mapper.php:660] DB\SQL->schema()
[30-Nov-2017 15:14:08 UTC] [models/genericmodel.php:10] DB\SQL\Mapper->__construct()
[30-Nov-2017 15:14:08 UTC] [models/model.php:17] GenericModel->__construct()
[30-Nov-2017 15:14:08 UTC] [helpers/authhelper.php:75] Model->__get()
[30-Nov-2017 15:14:08 UTC] [helpers/authhelper.php:52] AuthHelper->setupSession()
[30-Nov-2017 15:14:08 UTC] [controllers/user.php:64] AuthHelper->login()
[30-Nov-2017 15:14:08 UTC] [vendor/bcosca/fatfree/lib/base.php:1799] call_user_func_array()
[30-Nov-2017 15:14:08 UTC] [vendor/bcosca/fatfree/lib/base.php:1620] Base->call()
[30-Nov-2017 15:14:08 UTC] [index.php:37] Base->run()
[30-Nov-2017 15:19:18 UTC] PDOStatement: Table 'team8.cookie_token' doesn't exist
[30-Nov-2017 15:19:18 UTC] [vendor/bcosca/fatfree/lib/base.php:2186] Base->error()
[30-Nov-2017 15:19:18 UTC] [vendor/bcosca/fatfree/lib/db/sql.php:236] user_error()
[30-Nov-2017 15:19:18 UTC] [vendor/bcosca/fatfree/lib/db/sql.php:391] DB\SQL->exec()
[30-Nov-2017 15:19:18 UTC] [vendor/bcosca/fatfree/lib/db/sql/mapper.php:660] DB\SQL->schema()
[30-Nov-2017 15:19:18 UTC] [models/genericmodel.php:10] DB\SQL\Mapper->__construct()
[30-Nov-2017 15:19:18 UTC] [models/model.php:17] GenericModel->__construct()
[30-Nov-2017 15:19:18 UTC] [helpers/authhelper.php:73] Model->__get()
[30-Nov-2017 15:19:18 UTC] [helpers/authhelper.php:50] AuthHelper->setupSession()
[30-Nov-2017 15:19:18 UTC] [controllers/user.php:64] AuthHelper->login()
[30-Nov-2017 15:19:18 UTC] [vendor/bcosca/fatfree/lib/base.php:1799] call_user_func_array()
[30-Nov-2017 15:19:18 UTC] [vendor/bcosca/fatfree/lib/base.php:1620] Base->call()
[30-Nov-2017 15:19:18 UTC] [index.php:37] Base->run()
[30-Nov-2017 15:29:20 UTC] HTTP 405 (GET /user/edit)
[30-Nov-2017 15:29:20 UTC] [vendor/bcosca/fatfree/lib/base.php:1782] Base->error()
[30-Nov-2017 15:29:20 UTC] [vendor/bcosca/fatfree/lib/base.php:1620] Base->call()
[30-Nov-2017 15:29:20 UTC] [index.php:37] Base->run()
[30-Nov-2017 15:45:31 UTC] PHP Parse error:  syntax error, unexpected 'public' (T_PUBLIC) in /home/team8/helpers/authhelper.php on line 42
[30-Nov-2017 15:45:31 UTC] Fatal error: syntax error, unexpected 'public' (T_PUBLIC)
[30-Nov-2017 15:45:31 UTC] [helpers/authhelper.php:42] 
[30-Nov-2017 15:45:31 UTC] PHP Fatal error:  Class 'AuthHelper' not found in /home/team8/controllers/controller.php on line 19
[30-Nov-2017 15:48:54 UTC] PHP Parse error:  syntax error, unexpected 'public' (T_PUBLIC) in /home/team8/helpers/authhelper.php on line 42
[30-Nov-2017 15:48:54 UTC] Fatal error: syntax error, unexpected 'public' (T_PUBLIC)
[30-Nov-2017 15:48:54 UTC] [helpers/authhelper.php:42] 
[30-Nov-2017 15:48:54 UTC] PHP Fatal error:  Class 'AuthHelper' not found in /home/team8/controllers/controller.php on line 19
[30-Nov-2017 15:48:58 UTC] PHP Parse error:  syntax error, unexpected 'public' (T_PUBLIC) in /home/team8/helpers/authhelper.php on line 42
[30-Nov-2017 15:48:58 UTC] Fatal error: syntax error, unexpected 'public' (T_PUBLIC)
[30-Nov-2017 15:48:58 UTC] [helpers/authhelper.php:42] 
[30-Nov-2017 15:48:58 UTC] PHP Fatal error:  Class 'AuthHelper' not found in /home/team8/controllers/controller.php on line 19
[30-Nov-2017 15:51:58 UTC] PHP Parse error:  syntax error, unexpected 'public' (T_PUBLIC) in /home/team8/helpers/authhelper.php on line 42
[30-Nov-2017 15:51:58 UTC] Fatal error: syntax error, unexpected 'public' (T_PUBLIC)
[30-Nov-2017 15:51:58 UTC] [helpers/authhelper.php:42] 
[30-Nov-2017 15:51:58 UTC] PHP Fatal error:  Class 'AuthHelper' not found in /home/team8/controllers/controller.php on line 19
[30-Nov-2017 15:52:56 UTC] PHP Parse error:  syntax error, unexpected 'public' (T_PUBLIC) in /home/team8/helpers/authhelper.php on line 42
[30-Nov-2017 15:52:56 UTC] Fatal error: syntax error, unexpected 'public' (T_PUBLIC)
[30-Nov-2017 15:52:56 UTC] [helpers/authhelper.php:42] 
[30-Nov-2017 15:52:56 UTC] PHP Fatal error:  Class 'AuthHelper' not found in /home/team8/controllers/controller.php on line 19
[30-Nov-2017 16:00:27 UTC] PHP Fatal error:  Class 'ReCaptcha' not found in /home/team8/helpers/authhelper.php on line 41
[30-Nov-2017 16:00:27 UTC] Fatal error: Class 'ReCaptcha' not found
[30-Nov-2017 16:00:27 UTC] [helpers/authhelper.php:41] 
[30-Nov-2017 19:06:45 UTC] HTTP 404 (GET /favicon.ico)
[30-Nov-2017 19:06:45 UTC] [vendor/bcosca/fatfree/lib/base.php:1582] Base->error()
[30-Nov-2017 19:06:45 UTC] [index.php:37] Base->run()
[30-Nov-2017 20:01:33 UTC] HTTP 404 (GET /admin/marqueeavatarmarquee)
[30-Nov-2017 20:01:33 UTC] [vendor/bcosca/fatfree/lib/base.php:1582] Base->error()
[30-Nov-2017 20:01:33 UTC] [index.php:37] Base->run()
[30-Nov-2017 20:01:41 UTC] HTTP 404 (GET /admin/favicon.ico)
[30-Nov-2017 20:01:41 UTC] [vendor/bcosca/fatfree/lib/base.php:1582] Base->error()
[30-Nov-2017 20:01:41 UTC] [index.php:37] Base->run()
[30-Nov-2017 20:01:49 UTC] HTTP 404 (GET /admin/marqueeavatarmarquee)
[30-Nov-2017 20:01:49 UTC] [vendor/bcosca/fatfree/lib/base.php:1582] Base->error()
[30-Nov-2017 20:01:49 UTC] [index.php:37] Base->run()
[30-Nov-2017 20:04:41 UTC] HTTP 404 (GET /logout)
[30-Nov-2017 20:04:41 UTC] [vendor/bcosca/fatfree/lib/base.php:1582] Base->error()
[30-Nov-2017 20:04:41 UTC] [index.php:37] Base->run()
